<?xml version="1.0" encoding="UTF-8"?>
<robot generator="Robot 4.1.3 (Python 3.7.4 on win32)" generated="20220201 19:59:30.468" rpa="false" schemaversion="2">
<suite id="s1" name="Tests" source="C:\Users\VARUN\Desktop\Varun_Personal\RobotFramework_2022\Tests">
<suite id="s1-s1" name="testDemo5" source="C:\Users\VARUN\Desktop\Varun_Personal\RobotFramework_2022\Tests\testDemo5.robot">
<test id="s1-s1-t1" name="Invalid username">
<kw name="Validate Unsuccessful login">
<arg>varun</arg>
<arg>varun@123</arg>
<kw name="open browser with payment url">
<kw name="Create Webdriver" library="SeleniumLibrary">
<arg>Chrome</arg>
<arg>executable_path=C:/Users/VARUN/Desktop/Varun_Personal/Appium_Python_2022 _Material/chromedriver_win32/chromedriver</arg>
<doc>Creates an instance of Selenium WebDriver.</doc>
<msg timestamp="20220201 19:59:31.575" level="INFO">Creating an instance of the Chrome WebDriver.</msg>
<status status="PASS" starttime="20220201 19:59:31.574" endtime="20220201 19:59:35.134"/>
</kw>
<kw name="Go To" library="SeleniumLibrary">
<arg>https://www.rahulshettyacademy.com/loginpagePractise/</arg>
<doc>Navigates the current browser window to the provided ``url``.</doc>
<msg timestamp="20220201 19:59:35.136" level="INFO">Opening url 'https://www.rahulshettyacademy.com/loginpagePractise/'</msg>
<status status="PASS" starttime="20220201 19:59:35.135" endtime="20220201 19:59:37.005"/>
</kw>
<kw name="Maximize Browser Window" library="SeleniumLibrary">
<doc>Maximizes current browser window.</doc>
<status status="PASS" starttime="20220201 19:59:37.006" endtime="20220201 19:59:37.595"/>
</kw>
<status status="PASS" starttime="20220201 19:59:31.572" endtime="20220201 19:59:37.595"/>
</kw>
<kw name="Fill the login form">
<arg>${username}</arg>
<arg>${password}</arg>
<kw name="Input Text" library="SeleniumLibrary">
<arg>xpath://input[@id='username']</arg>
<arg>${username}</arg>
<doc>Types the given ``text`` into the text field identified by ``locator``.</doc>
<msg timestamp="20220201 19:59:37.602" level="INFO">Typing text 'varun' into text field 'xpath://input[@id='username']'.</msg>
<status status="PASS" starttime="20220201 19:59:37.598" endtime="20220201 19:59:38.162"/>
</kw>
<kw name="Input Password" library="SeleniumLibrary">
<arg>CSS:#password</arg>
<arg>${password}</arg>
<doc>Types the given password into the text field identified by ``locator``.</doc>
<msg timestamp="20220201 19:59:38.164" level="INFO">Typing password into text field 'CSS:#password'.</msg>
<msg timestamp="20220201 19:59:38.338" level="INFO">Temporally setting log level to: NONE</msg>
<msg timestamp="20220201 19:59:38.511" level="INFO">Log level changed from NONE to INFO.</msg>
<status status="PASS" starttime="20220201 19:59:38.163" endtime="20220201 19:59:38.511"/>
</kw>
<kw name="Click Button" library="SeleniumLibrary">
<arg>id:signInBtn</arg>
<doc>Clicks the button identified by ``locator``.</doc>
<msg timestamp="20220201 19:59:38.513" level="INFO">Clicking button 'id:signInBtn'.</msg>
<status status="PASS" starttime="20220201 19:59:38.512" endtime="20220201 19:59:38.680"/>
</kw>
<status status="PASS" starttime="20220201 19:59:37.596" endtime="20220201 19:59:38.681"/>
</kw>
<kw name="wait until it checks and displays error message">
<kw name="Wait Until Element Is Visible" library="SeleniumLibrary">
<arg>${error_message_login}</arg>
<arg>5</arg>
<doc>Waits until the element ``locator`` is visible.</doc>
<status status="PASS" starttime="20220201 19:59:38.684" endtime="20220201 19:59:40.913"/>
</kw>
<status status="PASS" starttime="20220201 19:59:38.682" endtime="20220201 19:59:40.914"/>
</kw>
<kw name="VERIFY if error message is correct">
<kw name="Get Text" library="SeleniumLibrary">
<var>${result}</var>
<arg>${error_message_login}</arg>
<doc>Returns the text value of the element identified by ``locator``.</doc>
<msg timestamp="20220201 19:59:40.985" level="INFO">${result} = Incorrect username/password.</msg>
<status status="PASS" starttime="20220201 19:59:40.916" endtime="20220201 19:59:40.985"/>
</kw>
<kw name="Should Be Equal As Strings" library="BuiltIn">
<arg>${result}</arg>
<arg>Incorrect username/password.</arg>
<doc>Fails if objects are unequal after converting them to strings.</doc>
<status status="PASS" starttime="20220201 19:59:40.986" endtime="20220201 19:59:40.987"/>
</kw>
<kw name="Element Text Should Be" library="SeleniumLibrary">
<arg>${error_message_login}</arg>
<arg>Incorrect username/password.</arg>
<doc>Verifies that element ``locator`` contains exact the text ``expected``.</doc>
<msg timestamp="20220201 19:59:40.989" level="INFO">Verifying element 'css:.alert.alert-danger.col-md-12' contains exact text 'Incorrect username/password.'.</msg>
<status status="PASS" starttime="20220201 19:59:40.988" endtime="20220201 19:59:41.034"/>
</kw>
<status status="PASS" starttime="20220201 19:59:40.915" endtime="20220201 19:59:41.035"/>
</kw>
<status status="PASS" starttime="20220201 19:59:31.570" endtime="20220201 19:59:41.036"/>
</kw>
<status status="PASS" starttime="20220201 19:59:31.555" endtime="20220201 19:59:41.037"/>
</test>
<test id="s1-s1-t2" name="Invalid password">
<kw name="Validate Unsuccessful login">
<arg>vineet</arg>
<arg>pcloudfg</arg>
<kw name="open browser with payment url">
<kw name="Create Webdriver" library="SeleniumLibrary">
<arg>Chrome</arg>
<arg>executable_path=C:/Users/VARUN/Desktop/Varun_Personal/Appium_Python_2022 _Material/chromedriver_win32/chromedriver</arg>
<doc>Creates an instance of Selenium WebDriver.</doc>
<msg timestamp="20220201 19:59:41.053" level="INFO">Creating an instance of the Chrome WebDriver.</msg>
<status status="PASS" starttime="20220201 19:59:41.052" endtime="20220201 19:59:44.344"/>
</kw>
<kw name="Go To" library="SeleniumLibrary">
<arg>https://www.rahulshettyacademy.com/loginpagePractise/</arg>
<doc>Navigates the current browser window to the provided ``url``.</doc>
<msg timestamp="20220201 19:59:44.345" level="INFO">Opening url 'https://www.rahulshettyacademy.com/loginpagePractise/'</msg>
<status status="PASS" starttime="20220201 19:59:44.345" endtime="20220201 19:59:46.905"/>
</kw>
<kw name="Maximize Browser Window" library="SeleniumLibrary">
<doc>Maximizes current browser window.</doc>
<status status="PASS" starttime="20220201 19:59:46.906" endtime="20220201 19:59:47.375"/>
</kw>
<status status="PASS" starttime="20220201 19:59:41.051" endtime="20220201 19:59:47.376"/>
</kw>
<kw name="Fill the login form">
<arg>${username}</arg>
<arg>${password}</arg>
<kw name="Input Text" library="SeleniumLibrary">
<arg>xpath://input[@id='username']</arg>
<arg>${username}</arg>
<doc>Types the given ``text`` into the text field identified by ``locator``.</doc>
<msg timestamp="20220201 19:59:47.384" level="INFO">Typing text 'vineet' into text field 'xpath://input[@id='username']'.</msg>
<status status="PASS" starttime="20220201 19:59:47.383" endtime="20220201 19:59:47.782"/>
</kw>
<kw name="Input Password" library="SeleniumLibrary">
<arg>CSS:#password</arg>
<arg>${password}</arg>
<doc>Types the given password into the text field identified by ``locator``.</doc>
<msg timestamp="20220201 19:59:47.784" level="INFO">Typing password into text field 'CSS:#password'.</msg>
<msg timestamp="20220201 19:59:47.925" level="INFO">Temporally setting log level to: NONE</msg>
<msg timestamp="20220201 19:59:48.103" level="INFO">Log level changed from NONE to INFO.</msg>
<status status="PASS" starttime="20220201 19:59:47.783" endtime="20220201 19:59:48.103"/>
</kw>
<kw name="Click Button" library="SeleniumLibrary">
<arg>id:signInBtn</arg>
<doc>Clicks the button identified by ``locator``.</doc>
<msg timestamp="20220201 19:59:48.105" level="INFO">Clicking button 'id:signInBtn'.</msg>
<status status="PASS" starttime="20220201 19:59:48.104" endtime="20220201 19:59:48.271"/>
</kw>
<status status="PASS" starttime="20220201 19:59:47.376" endtime="20220201 19:59:48.272"/>
</kw>
<kw name="wait until it checks and displays error message">
<kw name="Wait Until Element Is Visible" library="SeleniumLibrary">
<arg>${error_message_login}</arg>
<arg>5</arg>
<doc>Waits until the element ``locator`` is visible.</doc>
<status status="PASS" starttime="20220201 19:59:48.276" endtime="20220201 19:59:50.411"/>
</kw>
<status status="PASS" starttime="20220201 19:59:48.273" endtime="20220201 19:59:50.412"/>
</kw>
<kw name="VERIFY if error message is correct">
<kw name="Get Text" library="SeleniumLibrary">
<var>${result}</var>
<arg>${error_message_login}</arg>
<doc>Returns the text value of the element identified by ``locator``.</doc>
<msg timestamp="20220201 19:59:50.484" level="INFO">${result} = Incorrect username/password.</msg>
<status status="PASS" starttime="20220201 19:59:50.414" endtime="20220201 19:59:50.484"/>
</kw>
<kw name="Should Be Equal As Strings" library="BuiltIn">
<arg>${result}</arg>
<arg>Incorrect username/password.</arg>
<doc>Fails if objects are unequal after converting them to strings.</doc>
<status status="PASS" starttime="20220201 19:59:50.485" endtime="20220201 19:59:50.490"/>
</kw>
<kw name="Element Text Should Be" library="SeleniumLibrary">
<arg>${error_message_login}</arg>
<arg>Incorrect username/password.</arg>
<doc>Verifies that element ``locator`` contains exact the text ``expected``.</doc>
<msg timestamp="20220201 19:59:50.492" level="INFO">Verifying element 'css:.alert.alert-danger.col-md-12' contains exact text 'Incorrect username/password.'.</msg>
<status status="PASS" starttime="20220201 19:59:50.490" endtime="20220201 19:59:50.534"/>
</kw>
<status status="PASS" starttime="20220201 19:59:50.413" endtime="20220201 19:59:50.536"/>
</kw>
<status status="PASS" starttime="20220201 19:59:41.049" endtime="20220201 19:59:50.539"/>
</kw>
<status status="PASS" starttime="20220201 19:59:41.040" endtime="20220201 19:59:50.540"/>
</test>
<test id="s1-s1-t3" name="special characters">
<kw name="Validate Unsuccessful login">
<arg>%$Q#^</arg>
<arg>learning</arg>
<kw name="open browser with payment url">
<kw name="Create Webdriver" library="SeleniumLibrary">
<arg>Chrome</arg>
<arg>executable_path=C:/Users/VARUN/Desktop/Varun_Personal/Appium_Python_2022 _Material/chromedriver_win32/chromedriver</arg>
<doc>Creates an instance of Selenium WebDriver.</doc>
<msg timestamp="20220201 19:59:50.554" level="INFO">Creating an instance of the Chrome WebDriver.</msg>
<status status="PASS" starttime="20220201 19:59:50.552" endtime="20220201 19:59:55.123"/>
</kw>
<kw name="Go To" library="SeleniumLibrary">
<arg>https://www.rahulshettyacademy.com/loginpagePractise/</arg>
<doc>Navigates the current browser window to the provided ``url``.</doc>
<msg timestamp="20220201 19:59:55.124" level="INFO">Opening url 'https://www.rahulshettyacademy.com/loginpagePractise/'</msg>
<status status="PASS" starttime="20220201 19:59:55.123" endtime="20220201 19:59:57.644"/>
</kw>
<kw name="Maximize Browser Window" library="SeleniumLibrary">
<doc>Maximizes current browser window.</doc>
<status status="PASS" starttime="20220201 19:59:57.645" endtime="20220201 19:59:58.084"/>
</kw>
<status status="PASS" starttime="20220201 19:59:50.550" endtime="20220201 19:59:58.084"/>
</kw>
<kw name="Fill the login form">
<arg>${username}</arg>
<arg>${password}</arg>
<kw name="Input Text" library="SeleniumLibrary">
<arg>xpath://input[@id='username']</arg>
<arg>${username}</arg>
<doc>Types the given ``text`` into the text field identified by ``locator``.</doc>
<msg timestamp="20220201 19:59:58.089" level="INFO">Typing text '%$Q#^' into text field 'xpath://input[@id='username']'.</msg>
<status status="PASS" starttime="20220201 19:59:58.087" endtime="20220201 19:59:59.066"/>
</kw>
<kw name="Input Password" library="SeleniumLibrary">
<arg>CSS:#password</arg>
<arg>${password}</arg>
<doc>Types the given password into the text field identified by ``locator``.</doc>
<msg timestamp="20220201 19:59:59.069" level="INFO">Typing password into text field 'CSS:#password'.</msg>
<msg timestamp="20220201 19:59:59.411" level="INFO">Temporally setting log level to: NONE</msg>
<msg timestamp="20220201 20:00:00.028" level="INFO">Log level changed from NONE to INFO.</msg>
<status status="PASS" starttime="20220201 19:59:59.067" endtime="20220201 20:00:00.028"/>
</kw>
<kw name="Click Button" library="SeleniumLibrary">
<arg>id:signInBtn</arg>
<doc>Clicks the button identified by ``locator``.</doc>
<msg timestamp="20220201 20:00:00.034" level="INFO">Clicking button 'id:signInBtn'.</msg>
<status status="PASS" starttime="20220201 20:00:00.029" endtime="20220201 20:00:01.012"/>
</kw>
<status status="PASS" starttime="20220201 19:59:58.085" endtime="20220201 20:00:01.013"/>
</kw>
<kw name="wait until it checks and displays error message">
<kw name="Wait Until Element Is Visible" library="SeleniumLibrary">
<arg>${error_message_login}</arg>
<arg>5</arg>
<doc>Waits until the element ``locator`` is visible.</doc>
<status status="PASS" starttime="20220201 20:00:01.021" endtime="20220201 20:00:03.164"/>
</kw>
<status status="PASS" starttime="20220201 20:00:01.014" endtime="20220201 20:00:03.165"/>
</kw>
<kw name="VERIFY if error message is correct">
<kw name="Get Text" library="SeleniumLibrary">
<var>${result}</var>
<arg>${error_message_login}</arg>
<doc>Returns the text value of the element identified by ``locator``.</doc>
<msg timestamp="20220201 20:00:03.351" level="INFO">${result} = Incorrect username/password.</msg>
<status status="PASS" starttime="20220201 20:00:03.168" endtime="20220201 20:00:03.351"/>
</kw>
<kw name="Should Be Equal As Strings" library="BuiltIn">
<arg>${result}</arg>
<arg>Incorrect username/password.</arg>
<doc>Fails if objects are unequal after converting them to strings.</doc>
<status status="PASS" starttime="20220201 20:00:03.352" endtime="20220201 20:00:03.354"/>
</kw>
<kw name="Element Text Should Be" library="SeleniumLibrary">
<arg>${error_message_login}</arg>
<arg>Incorrect username/password.</arg>
<doc>Verifies that element ``locator`` contains exact the text ``expected``.</doc>
<msg timestamp="20220201 20:00:03.357" level="INFO">Verifying element 'css:.alert.alert-danger.col-md-12' contains exact text 'Incorrect username/password.'.</msg>
<status status="PASS" starttime="20220201 20:00:03.354" endtime="20220201 20:00:03.455"/>
</kw>
<status status="PASS" starttime="20220201 20:00:03.166" endtime="20220201 20:00:03.456"/>
</kw>
<status status="PASS" starttime="20220201 19:59:50.548" endtime="20220201 20:00:03.462"/>
</kw>
<status status="PASS" starttime="20220201 19:59:50.542" endtime="20220201 20:00:03.463"/>
</test>
<test id="s1-s1-t4" name="Login with user notestcasenameuser and password notestcasenamepwd">
<kw name="Validate Unsuccessful login">
<arg>notestcasenameuser</arg>
<arg>notestcasenamepwd</arg>
<kw name="open browser with payment url">
<kw name="Create Webdriver" library="SeleniumLibrary">
<arg>Chrome</arg>
<arg>executable_path=C:/Users/VARUN/Desktop/Varun_Personal/Appium_Python_2022 _Material/chromedriver_win32/chromedriver</arg>
<doc>Creates an instance of Selenium WebDriver.</doc>
<msg timestamp="20220201 20:00:03.482" level="INFO">Creating an instance of the Chrome WebDriver.</msg>
<status status="PASS" starttime="20220201 20:00:03.481" endtime="20220201 20:00:08.460"/>
</kw>
<kw name="Go To" library="SeleniumLibrary">
<arg>https://www.rahulshettyacademy.com/loginpagePractise/</arg>
<doc>Navigates the current browser window to the provided ``url``.</doc>
<msg timestamp="20220201 20:00:08.462" level="INFO">Opening url 'https://www.rahulshettyacademy.com/loginpagePractise/'</msg>
<status status="PASS" starttime="20220201 20:00:08.461" endtime="20220201 20:00:11.686"/>
</kw>
<kw name="Maximize Browser Window" library="SeleniumLibrary">
<doc>Maximizes current browser window.</doc>
<status status="PASS" starttime="20220201 20:00:11.687" endtime="20220201 20:00:12.278"/>
</kw>
<status status="PASS" starttime="20220201 20:00:03.479" endtime="20220201 20:00:12.280"/>
</kw>
<kw name="Fill the login form">
<arg>${username}</arg>
<arg>${password}</arg>
<kw name="Input Text" library="SeleniumLibrary">
<arg>xpath://input[@id='username']</arg>
<arg>${username}</arg>
<doc>Types the given ``text`` into the text field identified by ``locator``.</doc>
<msg timestamp="20220201 20:00:12.289" level="INFO">Typing text 'notestcasenameuser' into text field 'xpath://input[@id='username']'.</msg>
<status status="PASS" starttime="20220201 20:00:12.283" endtime="20220201 20:00:13.148"/>
</kw>
<kw name="Input Password" library="SeleniumLibrary">
<arg>CSS:#password</arg>
<arg>${password}</arg>
<doc>Types the given password into the text field identified by ``locator``.</doc>
<msg timestamp="20220201 20:00:13.151" level="INFO">Typing password into text field 'CSS:#password'.</msg>
<msg timestamp="20220201 20:00:13.642" level="INFO">Temporally setting log level to: NONE</msg>
<msg timestamp="20220201 20:00:14.083" level="INFO">Log level changed from NONE to INFO.</msg>
<status status="PASS" starttime="20220201 20:00:13.149" endtime="20220201 20:00:14.083"/>
</kw>
<kw name="Click Button" library="SeleniumLibrary">
<arg>id:signInBtn</arg>
<doc>Clicks the button identified by ``locator``.</doc>
<msg timestamp="20220201 20:00:14.085" level="INFO">Clicking button 'id:signInBtn'.</msg>
<status status="PASS" starttime="20220201 20:00:14.084" endtime="20220201 20:00:14.746"/>
</kw>
<status status="PASS" starttime="20220201 20:00:12.280" endtime="20220201 20:00:14.748"/>
</kw>
<kw name="wait until it checks and displays error message">
<kw name="Wait Until Element Is Visible" library="SeleniumLibrary">
<arg>${error_message_login}</arg>
<arg>5</arg>
<doc>Waits until the element ``locator`` is visible.</doc>
<status status="PASS" starttime="20220201 20:00:14.751" endtime="20220201 20:00:16.758"/>
</kw>
<status status="PASS" starttime="20220201 20:00:14.749" endtime="20220201 20:00:16.760"/>
</kw>
<kw name="VERIFY if error message is correct">
<kw name="Get Text" library="SeleniumLibrary">
<var>${result}</var>
<arg>${error_message_login}</arg>
<doc>Returns the text value of the element identified by ``locator``.</doc>
<msg timestamp="20220201 20:00:16.943" level="INFO">${result} = Incorrect username/password.</msg>
<status status="PASS" starttime="20220201 20:00:16.762" endtime="20220201 20:00:16.943"/>
</kw>
<kw name="Should Be Equal As Strings" library="BuiltIn">
<arg>${result}</arg>
<arg>Incorrect username/password.</arg>
<doc>Fails if objects are unequal after converting them to strings.</doc>
<status status="PASS" starttime="20220201 20:00:16.944" endtime="20220201 20:00:16.947"/>
</kw>
<kw name="Element Text Should Be" library="SeleniumLibrary">
<arg>${error_message_login}</arg>
<arg>Incorrect username/password.</arg>
<doc>Verifies that element ``locator`` contains exact the text ``expected``.</doc>
<msg timestamp="20220201 20:00:16.954" level="INFO">Verifying element 'css:.alert.alert-danger.col-md-12' contains exact text 'Incorrect username/password.'.</msg>
<status status="PASS" starttime="20220201 20:00:16.952" endtime="20220201 20:00:17.119"/>
</kw>
<status status="PASS" starttime="20220201 20:00:16.760" endtime="20220201 20:00:17.120"/>
</kw>
<status status="PASS" starttime="20220201 20:00:03.474" endtime="20220201 20:00:17.122"/>
</kw>
<status status="PASS" starttime="20220201 20:00:03.465" endtime="20220201 20:00:17.123"/>
</test>
<doc>To Validate the login form</doc>
<status status="PASS" starttime="20220201 19:59:30.593" endtime="20220201 20:00:17.128"/>
</suite>
<status status="PASS" starttime="20220201 19:59:30.510" endtime="20220201 20:00:17.144"/>
</suite>
<statistics>
<total>
<stat pass="4" fail="0" skip="0">All Tests</stat>
</total>
<tag>
</tag>
<suite>
<stat pass="4" fail="0" skip="0" id="s1" name="Tests">Tests</stat>
<stat pass="4" fail="0" skip="0" id="s1-s1" name="testDemo5">Tests.testDemo5</stat>
</suite>
</statistics>
<errors>
</errors>
</robot>
