<?xml version="1.0" encoding="UTF-8"?>
<robot generator="Robot 4.1.3 (Python 3.7.4 on win32)" generated="20220728 20:29:40.899" rpa="false" schemaversion="2">
<suite id="s1" name="Apitest1" source="C:\Users\VARUN\Desktop\Varun_Personal\RobotFramework_2022\APITests\apitest1.robot">
<test id="s1-t1" name="Dictionary Concepts">
<kw name="Create Dictionary" library="BuiltIn">
<var>&amp;{data}</var>
<arg>name=varun</arg>
<arg>age=29</arg>
<arg>gender=Male</arg>
<doc>Creates and returns a dictionary based on the given ``items``.</doc>
<msg timestamp="20220728 20:29:41.121" level="INFO">&amp;{data} = { name=varun | age=29 | gender=Male }</msg>
<status status="PASS" starttime="20220728 20:29:41.120" endtime="20220728 20:29:41.121"/>
</kw>
<kw name="Log To Console" library="BuiltIn">
<arg>${data}</arg>
<doc>Logs the given message to the console.</doc>
<status status="PASS" starttime="20220728 20:29:41.121" endtime="20220728 20:29:41.122"/>
</kw>
<kw name="Dictionary Should Contain Key" library="Collections">
<arg>${data}</arg>
<arg>name</arg>
<doc>Fails if ``key`` is not found from ``dictionary``.</doc>
<status status="PASS" starttime="20220728 20:29:41.123" endtime="20220728 20:29:41.123"/>
</kw>
<kw name="Dictionary Should Not Contain Key" library="Collections">
<arg>${data}</arg>
<arg>naam</arg>
<doc>Fails if ``key`` is found from ``dictionary``.</doc>
<status status="PASS" starttime="20220728 20:29:41.123" endtime="20220728 20:29:41.124"/>
</kw>
<kw name="Log To Console" library="BuiltIn">
<arg>${data}[gender]</arg>
<doc>Logs the given message to the console.</doc>
<status status="PASS" starttime="20220728 20:29:41.124" endtime="20220728 20:29:41.125"/>
</kw>
<kw name="Get From Dictionary" library="Collections">
<var>${value}</var>
<arg>${data}</arg>
<arg>name</arg>
<doc>Returns a value from the given ``dictionary`` based on the given ``key``.</doc>
<msg timestamp="20220728 20:29:41.126" level="INFO">${value} = varun</msg>
<status status="PASS" starttime="20220728 20:29:41.125" endtime="20220728 20:29:41.126"/>
</kw>
<kw name="Log To Console" library="BuiltIn">
<arg>${value}</arg>
<doc>Logs the given message to the console.</doc>
<status status="PASS" starttime="20220728 20:29:41.126" endtime="20220728 20:29:41.127"/>
</kw>
<status status="PASS" starttime="20220728 20:29:41.119" endtime="20220728 20:29:41.127"/>
</test>
<test id="s1-t2" name="Add book into library API">
<kw name="Create Dictionary" library="BuiltIn">
<var>&amp;{req_body}</var>
<arg>name=${bookname}</arg>
<arg>author=Varun</arg>
<arg>isbn=33221114</arg>
<arg>aisle=28764</arg>
<doc>Creates and returns a dictionary based on the given ``items``.</doc>
<msg timestamp="20220728 20:29:41.130" level="INFO">&amp;{req_body} = { name=RobotFramework | author=Varun | isbn=33221114 | aisle=28764 }</msg>
<status status="PASS" starttime="20220728 20:29:41.129" endtime="20220728 20:29:41.130"/>
</kw>
<kw name="POST" library="RequestsLibrary">
<var>${response}</var>
<arg>${base_url}/Library/Addbook.php</arg>
<arg>json=${req_body}</arg>
<arg>expected_status=200</arg>
<doc>Sends a POST request.</doc>
<msg timestamp="20220728 20:29:41.291" level="INFO">POST Request : url=https://www.rahulshettyacademy.com/Library/Addbook.php 
 path_url=/Library/Addbook.php 
 headers={'User-Agent': 'python-requests/2.26.0', 'Accept-Encoding': 'gzip, deflate', 'Accept': '*/*', 'Connection': 'keep-alive', 'Content-Length': '83', 'Content-Type': 'application/json'} 
 body=b'{"name": "RobotFramework", "author": "Varun", "isbn": "33221114", "aisle": "28764"}' 
 </msg>
<msg timestamp="20220728 20:29:41.292" level="INFO">POST Response : url=https://www.rahulshettyacademy.com/Library/Addbook.php 
 status=200, reason=OK 
 headers={'Date': 'Thu, 28 Jul 2022 14:59:43 GMT', 'Server': 'Apache/2.4.41 (Ubuntu)', 'Access-Control-Allow-Origin': '*', 'Access-Control-Allow-Methods': 'POST', 'Access-Control-Max-Age': '3600', 'Access-Control-Allow-Headers': 'Content-Type, Access-Control-Allow-Headers, Authorization, X-Requested-With', 'Content-Length': '49', 'Keep-Alive': 'timeout=5, max=100', 'Connection': 'Keep-Alive', 'Content-Type': 'application/json;charset=UTF-8'} 
 body={"Msg":"successfully added","ID":"3322111428764"} 
 </msg>
<msg timestamp="20220728 20:29:41.292" level="INFO">${response} = &lt;Response [200]&gt;</msg>
<status status="PASS" starttime="20220728 20:29:41.131" endtime="20220728 20:29:41.292"/>
</kw>
<kw name="Log To Console" library="BuiltIn">
<arg>${response.json()}</arg>
<doc>Logs the given message to the console.</doc>
<status status="PASS" starttime="20220728 20:29:41.293" endtime="20220728 20:29:41.294"/>
</kw>
<kw name="Dictionary Should Contain Key" library="Collections">
<arg>${response.json()}</arg>
<arg>ID</arg>
<doc>Fails if ``key`` is not found from ``dictionary``.</doc>
<status status="PASS" starttime="20220728 20:29:41.295" endtime="20220728 20:29:41.296"/>
</kw>
<kw name="Get From Dictionary" library="Collections">
<var>${bookid}</var>
<arg>${response.json()}</arg>
<arg>ID</arg>
<doc>Returns a value from the given ``dictionary`` based on the given ``key``.</doc>
<msg timestamp="20220728 20:29:41.298" level="INFO">${bookid} = 3322111428764</msg>
<status status="PASS" starttime="20220728 20:29:41.296" endtime="20220728 20:29:41.298"/>
</kw>
<kw name="Set Global Variable" library="BuiltIn">
<arg>${bookid}</arg>
<doc>Makes a variable available globally in all tests and suites.</doc>
<msg timestamp="20220728 20:29:41.299" level="INFO">${bookid} = 3322111428764</msg>
<status status="PASS" starttime="20220728 20:29:41.298" endtime="20220728 20:29:41.299"/>
</kw>
<kw name="Log To Console" library="BuiltIn">
<arg>${bookid}</arg>
<doc>Logs the given message to the console.</doc>
<status status="PASS" starttime="20220728 20:29:41.300" endtime="20220728 20:29:41.300"/>
</kw>
<kw name="Should Be Equal As Strings" library="BuiltIn">
<arg>successfully added</arg>
<arg>${response.json()}[Msg]</arg>
<doc>Fails if objects are unequal after converting them to strings.</doc>
<status status="PASS" starttime="20220728 20:29:41.300" endtime="20220728 20:29:41.301"/>
</kw>
<kw name="Status Should Be" library="RequestsLibrary">
<arg>200</arg>
<arg>${response}</arg>
<doc>Fails if response status code is different than the expected.</doc>
<status status="PASS" starttime="20220728 20:29:41.302" endtime="20220728 20:29:41.302"/>
</kw>
<status status="PASS" starttime="20220728 20:29:41.129" endtime="20220728 20:29:41.303"/>
</test>
<test id="s1-t3" name="get book from library API">
<kw name="GET" library="RequestsLibrary">
<var>${get_resp}</var>
<arg>${base_url}/Library/GetBook.php</arg>
<arg>params=ID=${bookid}</arg>
<arg>expected_status=200</arg>
<doc>Sends a GET request.</doc>
<msg timestamp="20220728 20:29:41.491" level="INFO">GET Request : url=https://www.rahulshettyacademy.com/Library/GetBook.php?ID=3322111428764 
 path_url=/Library/GetBook.php?ID=3322111428764 
 headers={'User-Agent': 'python-requests/2.26.0', 'Accept-Encoding': 'gzip, deflate', 'Accept': '*/*', 'Connection': 'keep-alive'} 
 body=None 
 </msg>
<msg timestamp="20220728 20:29:41.491" level="INFO">GET Response : url=https://www.rahulshettyacademy.com/Library/GetBook.php?ID=3322111428764 
 status=200, reason=OK 
 headers={'Date': 'Thu, 28 Jul 2022 14:59:43 GMT', 'Server': 'Apache/2.4.41 (Ubuntu)', 'Access-Control-Allow-Origin': '*', 'Access-Control-Allow-Methods': 'POST', 'Access-Control-Max-Age': '3600', 'Access-Control-Allow-Headers': 'Content-Type, Access-Control-Allow-Headers, Authorization, X-Requested-With', 'Content-Length': '83', 'Keep-Alive': 'timeout=5, max=100', 'Connection': 'Keep-Alive', 'Content-Type': 'application/json;charset=UTF-8'} 
 body=[{"book_name":"RobotFramework","isbn":"33221114","aisle":"28764","author":"Varun"}] 
 </msg>
<msg timestamp="20220728 20:29:41.492" level="INFO">${get_resp} = &lt;Response [200]&gt;</msg>
<status status="PASS" starttime="20220728 20:29:41.306" endtime="20220728 20:29:41.492"/>
</kw>
<kw name="Log To Console" library="BuiltIn">
<arg>${get_resp.json()}</arg>
<doc>Logs the given message to the console.</doc>
<status status="PASS" starttime="20220728 20:29:41.492" endtime="20220728 20:29:41.494"/>
</kw>
<kw name="Get From List" library="Collections">
<var>${a}</var>
<arg>${get_resp.json()}</arg>
<arg>0</arg>
<doc>Returns the value specified with an ``index`` from ``list``.</doc>
<msg timestamp="20220728 20:29:41.496" level="INFO">${a} = {'book_name': 'RobotFramework', 'isbn': '33221114', 'aisle': '28764', 'author': 'Varun'}</msg>
<status status="PASS" starttime="20220728 20:29:41.495" endtime="20220728 20:29:41.496"/>
</kw>
<kw name="Log To Console" library="BuiltIn">
<arg>${a}</arg>
<doc>Logs the given message to the console.</doc>
<status status="PASS" starttime="20220728 20:29:41.496" endtime="20220728 20:29:41.497"/>
</kw>
<kw name="Should Be Equal As Strings" library="BuiltIn">
<arg>${bookname}</arg>
<arg>${get_resp.json()}[0][book_name]</arg>
<doc>Fails if objects are unequal after converting them to strings.</doc>
<status status="PASS" starttime="20220728 20:29:41.498" endtime="20220728 20:29:41.499"/>
</kw>
<status status="PASS" starttime="20220728 20:29:41.305" endtime="20220728 20:29:41.500"/>
</test>
<test id="s1-t4" name="delete book from library API">
<kw name="Create Dictionary" library="BuiltIn">
<var>&amp;{deletereq}</var>
<arg>ID= ${bookid}</arg>
<doc>Creates and returns a dictionary based on the given ``items``.</doc>
<msg timestamp="20220728 20:29:41.502" level="INFO">&amp;{deletereq} = { ID= 3322111428764 }</msg>
<status status="PASS" starttime="20220728 20:29:41.502" endtime="20220728 20:29:41.502"/>
</kw>
<kw name="POST" library="RequestsLibrary">
<var>${deleteresp}</var>
<arg>${base_url}/Library/DeleteBook.php</arg>
<arg>json= ${deletereq}</arg>
<arg>expected_status=200</arg>
<doc>Sends a POST request.</doc>
<msg timestamp="20220728 20:29:41.659" level="INFO">POST Request : url=https://www.rahulshettyacademy.com/Library/DeleteBook.php 
 path_url=/Library/DeleteBook.php 
 headers={'User-Agent': 'python-requests/2.26.0', 'Accept-Encoding': 'gzip, deflate', 'Accept': '*/*', 'Connection': 'keep-alive', 'Content-Length': '27', 'Content-Type': 'application/json'} 
 body=b'" {\'ID\': \' 3322111428764\'}"' 
 </msg>
<msg timestamp="20220728 20:29:41.659" level="INFO">POST Response : url=https://www.rahulshettyacademy.com/Library/DeleteBook.php 
 status=200, reason=OK 
 headers={'Date': 'Thu, 28 Jul 2022 14:59:44 GMT', 'Server': 'Apache/2.4.41 (Ubuntu)', 'Access-Control-Allow-Origin': '*', 'Access-Control-Allow-Methods': 'POST', 'Access-Control-Max-Age': '3600', 'Access-Control-Allow-Headers': 'Content-Type, Access-Control-Allow-Headers, Authorization, X-Requested-With', 'Content-Length': '0', 'Keep-Alive': 'timeout=5, max=100', 'Connection': 'Keep-Alive', 'Content-Type': 'application/json; charset=UTF-8'} 
 body=None 
 </msg>
<msg timestamp="20220728 20:29:41.659" level="INFO">${deleteresp} = &lt;Response [200]&gt;</msg>
<status status="PASS" starttime="20220728 20:29:41.503" endtime="20220728 20:29:41.659"/>
</kw>
<kw name="Log To Console" library="BuiltIn">
<arg>${deleteresp.json()}</arg>
<doc>Logs the given message to the console.</doc>
<msg timestamp="20220728 20:29:41.662" level="FAIL">Resolving variable '${deleteresp.json()}' failed: JSONDecodeError: Expecting value: line 1 column 1 (char 0)</msg>
<status status="FAIL" starttime="20220728 20:29:41.660" endtime="20220728 20:29:41.662"/>
</kw>
<kw name="Should Be Equal As Strings" library="BuiltIn">
<arg>book is successfully deleted</arg>
<arg>${deleteresp.json()}[msg]</arg>
<doc>Fails if objects are unequal after converting them to strings.</doc>
<status status="NOT RUN" starttime="20220728 20:29:41.663" endtime="20220728 20:29:41.663"/>
</kw>
<status status="FAIL" starttime="20220728 20:29:41.501" endtime="20220728 20:29:41.664">Resolving variable '${deleteresp.json()}' failed: JSONDecodeError: Expecting value: line 1 column 1 (char 0)</status>
</test>
<status status="FAIL" starttime="20220728 20:29:40.902" endtime="20220728 20:29:41.667"/>
</suite>
<statistics>
<total>
<stat pass="3" fail="1" skip="0">All Tests</stat>
</total>
<tag>
</tag>
<suite>
<stat pass="3" fail="1" skip="0" id="s1" name="Apitest1">Apitest1</stat>
</suite>
</statistics>
<errors>
</errors>
</robot>
