<?xml version="1.0" encoding="UTF-8"?>
<robot generator="Robot 4.1.3 (Python 3.7.4 on win32)" generated="20220201 19:59:30.585" rpa="false" schemaversion="2">
<suite id="s1" name="Tests" source="C:\Users\VARUN\Desktop\Varun_Personal\RobotFramework_2022\Tests">
<suite id="s1-s1" name="testDemo3" source="C:\Users\VARUN\Desktop\Varun_Personal\RobotFramework_2022\Tests\testDemo3.robot">
<test id="s1-s1-t1" name="Validate child window login functionality">
<kw name="open browser with payment url" library="generic" type="SETUP">
<kw name="Create Webdriver" library="SeleniumLibrary">
<arg>Chrome</arg>
<arg>executable_path=C:/Users/VARUN/Desktop/Varun_Personal/Appium_Python_2022 _Material/chromedriver_win32/chromedriver</arg>
<doc>Creates an instance of Selenium WebDriver.</doc>
<msg timestamp="20220201 19:59:31.678" level="INFO">Creating an instance of the Chrome WebDriver.</msg>
<status status="PASS" starttime="20220201 19:59:31.677" endtime="20220201 19:59:35.720"/>
</kw>
<kw name="Go To" library="SeleniumLibrary">
<arg>${url}</arg>
<doc>Navigates the current browser window to the provided ``url``.</doc>
<msg timestamp="20220201 19:59:35.722" level="INFO">Opening url 'https://www.rahulshettyacademy.com/loginpagePractise/'</msg>
<status status="PASS" starttime="20220201 19:59:35.721" endtime="20220201 19:59:36.762"/>
</kw>
<kw name="Maximize Browser Window" library="SeleniumLibrary">
<doc>Maximizes current browser window.</doc>
<status status="PASS" starttime="20220201 19:59:36.763" endtime="20220201 19:59:37.377"/>
</kw>
<status status="PASS" starttime="20220201 19:59:31.675" endtime="20220201 19:59:37.378"/>
</kw>
<kw name="Select the link of child window">
<kw name="Click Link" library="SeleniumLibrary">
<arg>css:.blinkingText</arg>
<doc>Clicks a link identified by ``locator``.</doc>
<msg timestamp="20220201 19:59:37.383" level="INFO">Clicking link 'css:.blinkingText'.</msg>
<status status="PASS" starttime="20220201 19:59:37.382" endtime="20220201 19:59:37.923"/>
</kw>
<kw name="Sleep" library="BuiltIn">
<arg>5</arg>
<doc>Pauses the test executed for the given time.</doc>
<msg timestamp="20220201 19:59:42.945" level="INFO">Slept 5 seconds</msg>
<status status="PASS" starttime="20220201 19:59:37.924" endtime="20220201 19:59:42.951"/>
</kw>
<status status="PASS" starttime="20220201 19:59:37.379" endtime="20220201 19:59:42.955"/>
</kw>
<kw name="Verify if child window is opened">
<kw name="Get Window Handles" library="SeleniumLibrary">
<var>@{handles}</var>
<arg>browser=CURRENT</arg>
<doc>Returns all child window handles of the selected browser as a list.</doc>
<msg timestamp="20220201 19:59:43.005" level="INFO">@{handles} = [ CDwindow-D83A7E697D2644E454030DEEBDE9C28A | CDwindow-B3EC5CCA2D2D5FC99C86E48B86AB0652 ]</msg>
<status status="PASS" starttime="20220201 19:59:42.966" endtime="20220201 19:59:43.005"/>
</kw>
<for flavor="IN">
<var>${element}</var>
<value>@{handles}</value>
<iter>
<var name="${element}">CDwindow-D83A7E697D2644E454030DEEBDE9C28A</var>
<kw name="Log" library="BuiltIn">
<arg>${element}</arg>
<doc>Logs the given message with the given level.</doc>
<msg timestamp="20220201 19:59:43.009" level="INFO">CDwindow-D83A7E697D2644E454030DEEBDE9C28A</msg>
<status status="PASS" starttime="20220201 19:59:43.008" endtime="20220201 19:59:43.009"/>
</kw>
<status status="PASS" starttime="20220201 19:59:43.007" endtime="20220201 19:59:43.009"/>
</iter>
<iter>
<var name="${element}">CDwindow-B3EC5CCA2D2D5FC99C86E48B86AB0652</var>
<kw name="Log" library="BuiltIn">
<arg>${element}</arg>
<doc>Logs the given message with the given level.</doc>
<msg timestamp="20220201 19:59:43.012" level="INFO">CDwindow-B3EC5CCA2D2D5FC99C86E48B86AB0652</msg>
<status status="PASS" starttime="20220201 19:59:43.011" endtime="20220201 19:59:43.013"/>
</kw>
<status status="PASS" starttime="20220201 19:59:43.010" endtime="20220201 19:59:43.013"/>
</iter>
<status status="PASS" starttime="20220201 19:59:43.006" endtime="20220201 19:59:43.014"/>
</for>
<kw name="Switch Window" library="SeleniumLibrary">
<arg>url=https://rahulshettyacademy.com/#/documents-request</arg>
<doc>Switches to browser window matching ``locator``.</doc>
<status status="PASS" starttime="20220201 19:59:43.016" endtime="20220201 19:59:45.526"/>
</kw>
<kw name="Element Text Should Be" library="SeleniumLibrary">
<arg>xpath://h1[normalize-space()='Documents request']</arg>
<arg>DOCUMENTS REQUEST</arg>
<doc>Verifies that element ``locator`` contains exact the text ``expected``.</doc>
<msg timestamp="20220201 19:59:45.528" level="INFO">Verifying element 'xpath://h1[normalize-space()='Documents request']' contains exact text 'DOCUMENTS REQUEST'.</msg>
<status status="PASS" starttime="20220201 19:59:45.527" endtime="20220201 19:59:45.638"/>
</kw>
<status status="PASS" starttime="20220201 19:59:42.960" endtime="20220201 19:59:45.642"/>
</kw>
<kw name="Grab the email id in the child window">
<kw name="Get Text" library="SeleniumLibrary">
<var>${emailtext}</var>
<arg>css:.red</arg>
<doc>Returns the text value of the element identified by ``locator``.</doc>
<msg timestamp="20220201 19:59:45.825" level="INFO">${emailtext} = Please email us at mentor@rahulshettyacademy.com with below template to receive response</msg>
<status status="PASS" starttime="20220201 19:59:45.644" endtime="20220201 19:59:45.825"/>
</kw>
<kw name="Split String" library="String">
<var>@{words}</var>
<arg>${emailtext}</arg>
<arg>at</arg>
<doc>Splits the ``string`` using ``separator`` as a delimiter string.</doc>
<msg timestamp="20220201 19:59:45.828" level="INFO">@{words} = [ Please email us  |  mentor@rahulshettyacademy.com with below templ | e to receive response ]</msg>
<status status="PASS" starttime="20220201 19:59:45.826" endtime="20220201 19:59:45.828"/>
</kw>
<kw name="Get From List" library="Collections">
<var>${text_split}</var>
<arg>${words}</arg>
<arg>1</arg>
<doc>Returns the value specified with an ``index`` from ``list``.</doc>
<msg timestamp="20220201 19:59:45.831" level="INFO">${text_split} =  mentor@rahulshettyacademy.com with below templ</msg>
<status status="PASS" starttime="20220201 19:59:45.829" endtime="20220201 19:59:45.831"/>
</kw>
<kw name="Log" library="BuiltIn">
<arg>${text_split}</arg>
<doc>Logs the given message with the given level.</doc>
<msg timestamp="20220201 19:59:45.834" level="INFO"> mentor@rahulshettyacademy.com with below templ</msg>
<status status="PASS" starttime="20220201 19:59:45.832" endtime="20220201 19:59:45.834"/>
</kw>
<kw name="Split String" library="String">
<var>@{words2}</var>
<arg>${text_split}</arg>
<arg>with</arg>
<doc>Splits the ``string`` using ``separator`` as a delimiter string.</doc>
<msg timestamp="20220201 19:59:45.837" level="INFO">@{words2} = [  mentor@rahulshettyacademy.com  |  below templ ]</msg>
<status status="PASS" starttime="20220201 19:59:45.835" endtime="20220201 19:59:45.837"/>
</kw>
<kw name="Get From List" library="Collections">
<var>${email}</var>
<arg>${words2}</arg>
<arg>0</arg>
<doc>Returns the value specified with an ``index`` from ``list``.</doc>
<msg timestamp="20220201 19:59:45.839" level="INFO">${email} =  mentor@rahulshettyacademy.com </msg>
<status status="PASS" starttime="20220201 19:59:45.837" endtime="20220201 19:59:45.839"/>
</kw>
<kw name="Log" library="BuiltIn">
<arg>${email}</arg>
<doc>Logs the given message with the given level.</doc>
<msg timestamp="20220201 19:59:45.844" level="INFO"> mentor@rahulshettyacademy.com </msg>
<status status="PASS" starttime="20220201 19:59:45.840" endtime="20220201 19:59:45.845"/>
</kw>
<kw name="Set Global Variable" library="BuiltIn">
<arg>${email}</arg>
<doc>Makes a variable available globally in all tests and suites.</doc>
<msg timestamp="20220201 19:59:45.848" level="INFO">${email} =  mentor@rahulshettyacademy.com </msg>
<status status="PASS" starttime="20220201 19:59:45.846" endtime="20220201 19:59:45.848"/>
</kw>
<status status="PASS" starttime="20220201 19:59:45.643" endtime="20220201 19:59:45.849"/>
</kw>
<kw name="Switch to parent window and enter in the email">
<kw name="Switch Window" library="SeleniumLibrary">
<arg>MAIN</arg>
<doc>Switches to browser window matching ``locator``.</doc>
<status status="PASS" starttime="20220201 19:59:45.851" endtime="20220201 19:59:45.986"/>
</kw>
<kw name="Title Should Be" library="SeleniumLibrary">
<arg>LoginPage Practise | Rahul Shetty Academy</arg>
<doc>Verifies that the current page title equals ``title``.</doc>
<msg timestamp="20220201 19:59:46.054" level="INFO">Page title is 'LoginPage Practise | Rahul Shetty Academy'.</msg>
<status status="PASS" starttime="20220201 19:59:45.987" endtime="20220201 19:59:46.054"/>
</kw>
<kw name="Input Text" library="SeleniumLibrary">
<arg>id:username</arg>
<arg>${email}</arg>
<doc>Types the given ``text`` into the text field identified by ``locator``.</doc>
<msg timestamp="20220201 19:59:46.059" level="INFO">Typing text ' mentor@rahulshettyacademy.com ' into text field 'id:username'.</msg>
<status status="PASS" starttime="20220201 19:59:46.055" endtime="20220201 19:59:46.719"/>
</kw>
<status status="PASS" starttime="20220201 19:59:45.850" endtime="20220201 19:59:46.720"/>
</kw>
<status status="PASS" starttime="20220201 19:59:31.670" endtime="20220201 19:59:46.720"/>
</test>
<doc>To Validate the login form
and check if shop page is loaded and drive data from Resource.</doc>
<status status="PASS" starttime="20220201 19:59:30.699" endtime="20220201 19:59:46.723"/>
</suite>
<status status="PASS" starttime="20220201 19:59:30.617" endtime="20220201 19:59:46.732"/>
</suite>
<statistics>
<total>
<stat pass="1" fail="0" skip="0">All Tests</stat>
</total>
<tag>
</tag>
<suite>
<stat pass="1" fail="0" skip="0" id="s1" name="Tests">Tests</stat>
<stat pass="1" fail="0" skip="0" id="s1-s1" name="testDemo3">Tests.testDemo3</stat>
</suite>
</statistics>
<errors>
</errors>
</robot>
