<?xml version="1.0" encoding="UTF-8"?>
<robot generator="Robot 4.1.3 (Python 3.7.4 on win32)" generated="20220201 19:59:30.559" rpa="false" schemaversion="2">
<suite id="s1" name="Tests" source="C:\Users\VARUN\Desktop\Varun_Personal\RobotFramework_2022\Tests">
<suite id="s1-s1" name="testDemo6" source="C:\Users\VARUN\Desktop\Varun_Personal\RobotFramework_2022\Tests\testDemo6.robot">
<test id="s1-s1-t1" name="Validate Unsuccessful login">
<kw name="open browser with payment url" library="generic" type="SETUP">
<kw name="Create Webdriver" library="SeleniumLibrary">
<arg>Chrome</arg>
<arg>executable_path=C:/Users/VARUN/Desktop/Varun_Personal/Appium_Python_2022 _Material/chromedriver_win32/chromedriver</arg>
<doc>Creates an instance of Selenium WebDriver.</doc>
<msg timestamp="20220201 19:59:31.918" level="INFO">Creating an instance of the Chrome WebDriver.</msg>
<status status="PASS" starttime="20220201 19:59:31.917" endtime="20220201 19:59:36.465"/>
</kw>
<kw name="Go To" library="SeleniumLibrary">
<arg>${url}</arg>
<doc>Navigates the current browser window to the provided ``url``.</doc>
<msg timestamp="20220201 19:59:36.467" level="INFO">Opening url 'https://www.rahulshettyacademy.com/loginpagePractise/'</msg>
<status status="PASS" starttime="20220201 19:59:36.466" endtime="20220201 19:59:37.658"/>
</kw>
<kw name="Maximize Browser Window" library="SeleniumLibrary">
<doc>Maximizes current browser window.</doc>
<status status="PASS" starttime="20220201 19:59:37.659" endtime="20220201 19:59:38.165"/>
</kw>
<status status="PASS" starttime="20220201 19:59:31.916" endtime="20220201 19:59:38.166"/>
</kw>
<kw name="Fill the login form" library="LandingPage">
<arg>${user_name}</arg>
<arg>${invalid_password}</arg>
<kw name="Input Text" library="SeleniumLibrary">
<arg>xpath://input[@id='username']</arg>
<arg>${username}</arg>
<doc>Types the given ``text`` into the text field identified by ``locator``.</doc>
<msg timestamp="20220201 19:59:38.173" level="INFO">Typing text 'rahulshettyacademy' into text field 'xpath://input[@id='username']'.</msg>
<status status="PASS" starttime="20220201 19:59:38.171" endtime="20220201 19:59:38.581"/>
</kw>
<kw name="Input Password" library="SeleniumLibrary">
<arg>CSS:#password</arg>
<arg>${password}</arg>
<doc>Types the given password into the text field identified by ``locator``.</doc>
<msg timestamp="20220201 19:59:38.583" level="INFO">Typing password into text field 'CSS:#password'.</msg>
<msg timestamp="20220201 19:59:38.697" level="INFO">Temporally setting log level to: NONE</msg>
<msg timestamp="20220201 19:59:38.851" level="INFO">Log level changed from NONE to INFO.</msg>
<status status="PASS" starttime="20220201 19:59:38.582" endtime="20220201 19:59:38.852"/>
</kw>
<kw name="Click Button" library="SeleniumLibrary">
<arg>id:signInBtn</arg>
<doc>Clicks the button identified by ``locator``.</doc>
<msg timestamp="20220201 19:59:38.857" level="INFO">Clicking button 'id:signInBtn'.</msg>
<status status="PASS" starttime="20220201 19:59:38.855" endtime="20220201 19:59:39.026"/>
</kw>
<status status="PASS" starttime="20220201 19:59:38.168" endtime="20220201 19:59:39.028"/>
</kw>
<kw name="wait until element is located in the page" library="LandingPage">
<kw name="Wait Until Element Is Visible" library="SeleniumLibrary">
<arg>${error_message_login}</arg>
<doc>Waits until the element ``locator`` is visible.</doc>
<status status="PASS" starttime="20220201 19:59:39.030" endtime="20220201 19:59:41.036"/>
</kw>
<status status="PASS" starttime="20220201 19:59:39.028" endtime="20220201 19:59:41.037"/>
</kw>
<kw name="VERIFY if error message is correct" library="LandingPage">
<kw name="Get Text" library="SeleniumLibrary">
<var>${result}</var>
<arg>${error_message_login}</arg>
<doc>Returns the text value of the element identified by ``locator``.</doc>
<msg timestamp="20220201 19:59:41.140" level="INFO">${result} = Incorrect username/password.</msg>
<status status="PASS" starttime="20220201 19:59:41.039" endtime="20220201 19:59:41.140"/>
</kw>
<kw name="Should Be Equal As Strings" library="BuiltIn">
<arg>${result}</arg>
<arg>Incorrect username/password.</arg>
<doc>Fails if objects are unequal after converting them to strings.</doc>
<status status="PASS" starttime="20220201 19:59:41.142" endtime="20220201 19:59:41.145"/>
</kw>
<kw name="Element Text Should Be" library="SeleniumLibrary">
<arg>${error_message_login}</arg>
<arg>Incorrect username/password.</arg>
<doc>Verifies that element ``locator`` contains exact the text ``expected``.</doc>
<msg timestamp="20220201 19:59:41.148" level="INFO">Verifying element 'css:.alert.alert-danger.col-md-12' contains exact text 'Incorrect username/password.'.</msg>
<status status="PASS" starttime="20220201 19:59:41.146" endtime="20220201 19:59:41.188"/>
</kw>
<status status="PASS" starttime="20220201 19:59:41.038" endtime="20220201 19:59:41.188"/>
</kw>
<kw name="close the existing browser" library="generic" type="TEARDOWN">
<kw name="Close Browser" library="SeleniumLibrary">
<doc>Closes the current browser.</doc>
<status status="PASS" starttime="20220201 19:59:41.191" endtime="20220201 19:59:43.814"/>
</kw>
<status status="PASS" starttime="20220201 19:59:41.189" endtime="20220201 19:59:43.816"/>
</kw>
<status status="PASS" starttime="20220201 19:59:31.913" endtime="20220201 19:59:43.816"/>
</test>
<test id="s1-s1-t2" name="Validate cards display in the shop page">
<kw name="open browser with payment url" library="generic" type="SETUP">
<kw name="Create Webdriver" library="SeleniumLibrary">
<arg>Chrome</arg>
<arg>executable_path=C:/Users/VARUN/Desktop/Varun_Personal/Appium_Python_2022 _Material/chromedriver_win32/chromedriver</arg>
<doc>Creates an instance of Selenium WebDriver.</doc>
<msg timestamp="20220201 19:59:43.838" level="INFO">Creating an instance of the Chrome WebDriver.</msg>
<status status="PASS" starttime="20220201 19:59:43.837" endtime="20220201 19:59:46.442"/>
</kw>
<kw name="Go To" library="SeleniumLibrary">
<arg>${url}</arg>
<doc>Navigates the current browser window to the provided ``url``.</doc>
<msg timestamp="20220201 19:59:46.445" level="INFO">Opening url 'https://www.rahulshettyacademy.com/loginpagePractise/'</msg>
<status status="PASS" starttime="20220201 19:59:46.443" endtime="20220201 19:59:48.039"/>
</kw>
<kw name="Maximize Browser Window" library="SeleniumLibrary">
<doc>Maximizes current browser window.</doc>
<status status="PASS" starttime="20220201 19:59:48.040" endtime="20220201 19:59:48.521"/>
</kw>
<status status="PASS" starttime="20220201 19:59:43.835" endtime="20220201 19:59:48.522"/>
</kw>
<kw name="Fill the login form" library="LandingPage">
<arg>${user_name}</arg>
<arg>${valid_password}</arg>
<kw name="Input Text" library="SeleniumLibrary">
<arg>xpath://input[@id='username']</arg>
<arg>${username}</arg>
<doc>Types the given ``text`` into the text field identified by ``locator``.</doc>
<msg timestamp="20220201 19:59:48.527" level="INFO">Typing text 'rahulshettyacademy' into text field 'xpath://input[@id='username']'.</msg>
<status status="PASS" starttime="20220201 19:59:48.525" endtime="20220201 19:59:48.810"/>
</kw>
<kw name="Input Password" library="SeleniumLibrary">
<arg>CSS:#password</arg>
<arg>${password}</arg>
<doc>Types the given password into the text field identified by ``locator``.</doc>
<msg timestamp="20220201 19:59:48.812" level="INFO">Typing password into text field 'CSS:#password'.</msg>
<msg timestamp="20220201 19:59:48.924" level="INFO">Temporally setting log level to: NONE</msg>
<msg timestamp="20220201 19:59:49.012" level="INFO">Log level changed from NONE to INFO.</msg>
<status status="PASS" starttime="20220201 19:59:48.810" endtime="20220201 19:59:49.013"/>
</kw>
<kw name="Click Button" library="SeleniumLibrary">
<arg>id:signInBtn</arg>
<doc>Clicks the button identified by ``locator``.</doc>
<msg timestamp="20220201 19:59:49.015" level="INFO">Clicking button 'id:signInBtn'.</msg>
<status status="PASS" starttime="20220201 19:59:49.013" endtime="20220201 19:59:49.148"/>
</kw>
<status status="PASS" starttime="20220201 19:59:48.523" endtime="20220201 19:59:49.148"/>
</kw>
<kw name="wait until element is located in the page" library="ShopPage">
<kw name="Wait Until Element Is Visible" library="SeleniumLibrary">
<arg>${shop_page_load}</arg>
<doc>Waits until the element ``locator`` is visible.</doc>
<status status="PASS" starttime="20220201 19:59:49.152" endtime="20220201 19:59:53.041"/>
</kw>
<status status="PASS" starttime="20220201 19:59:49.150" endtime="20220201 19:59:53.042"/>
</kw>
<kw name="verify if the cards titles are in the shop page" library="ShopPage">
<kw name="Create List" library="BuiltIn">
<var>@{expectedlist}</var>
<arg>iphone X</arg>
<arg>Samsung Note 8</arg>
<arg>Nokia Edge</arg>
<arg>Blackberry</arg>
<doc>Returns a list containing given items.</doc>
<msg timestamp="20220201 19:59:53.049" level="INFO">@{expectedlist} = [ iphone X | Samsung Note 8 | Nokia Edge | Blackberry ]</msg>
<status status="PASS" starttime="20220201 19:59:53.048" endtime="20220201 19:59:53.050"/>
</kw>
<kw name="Get WebElements" library="SeleniumLibrary">
<var>@{elements}</var>
<arg>css:.card-title</arg>
<doc>Returns a list of WebElement objects matching the ``locator``.</doc>
<msg timestamp="20220201 19:59:53.176" level="INFO">@{elements} = [ &lt;selenium.webdriver.remote.webelement.WebElement (session="6645471939a9907a18dff82a12587f8c", element="cd40a441-62ed-4cd6-afac-cffadd0751db")&gt; | &lt;selenium.webdriver.remote.webelement.WebElement (ses...</msg>
<status status="PASS" starttime="20220201 19:59:53.050" endtime="20220201 19:59:53.179"/>
</kw>
<kw name="Create List" library="BuiltIn">
<var>@{actuallist}</var>
<doc>Returns a list containing given items.</doc>
<msg timestamp="20220201 19:59:53.181" level="INFO">@{actuallist} = [ ]</msg>
<status status="PASS" starttime="20220201 19:59:53.180" endtime="20220201 19:59:53.181"/>
</kw>
<for flavor="IN">
<var>${element}</var>
<value>@{elements}</value>
<iter>
<var name="${element}">&lt;selenium.webdriver.remote.webelement.WebElement (session="6645471939a9907a18dff82a12587f8c", element="cd40a441-62ed-4cd6-afac-cffadd0751db")&gt;</var>
<kw name="Log" library="BuiltIn">
<arg>${element.text}</arg>
<doc>Logs the given message with the given level.</doc>
<msg timestamp="20220201 19:59:53.470" level="INFO">iphone X</msg>
<status status="PASS" starttime="20220201 19:59:53.184" endtime="20220201 19:59:53.470"/>
</kw>
<kw name="Append To List" library="Collections">
<arg>${actuallist}</arg>
<arg>${element.text}</arg>
<doc>Adds ``values`` to the end of ``list``.</doc>
<status status="PASS" starttime="20220201 19:59:53.471" endtime="20220201 19:59:53.692"/>
</kw>
<status status="PASS" starttime="20220201 19:59:53.183" endtime="20220201 19:59:53.693"/>
</iter>
<iter>
<var name="${element}">&lt;selenium.webdriver.remote.webelement.WebElement (session="6645471939a9907a18dff82a12587f8c", element="62b33a7a-39e6-4fcf-8355-e0396ce3b1ae")&gt;</var>
<kw name="Log" library="BuiltIn">
<arg>${element.text}</arg>
<doc>Logs the given message with the given level.</doc>
<msg timestamp="20220201 19:59:53.965" level="INFO">Samsung Note 8</msg>
<status status="PASS" starttime="20220201 19:59:53.695" endtime="20220201 19:59:53.965"/>
</kw>
<kw name="Append To List" library="Collections">
<arg>${actuallist}</arg>
<arg>${element.text}</arg>
<doc>Adds ``values`` to the end of ``list``.</doc>
<status status="PASS" starttime="20220201 19:59:53.966" endtime="20220201 19:59:54.639"/>
</kw>
<status status="PASS" starttime="20220201 19:59:53.693" endtime="20220201 19:59:54.640"/>
</iter>
<iter>
<var name="${element}">&lt;selenium.webdriver.remote.webelement.WebElement (session="6645471939a9907a18dff82a12587f8c", element="3f3db3a8-4179-4234-a47d-4daf49ffdb0a")&gt;</var>
<kw name="Log" library="BuiltIn">
<arg>${element.text}</arg>
<doc>Logs the given message with the given level.</doc>
<msg timestamp="20220201 19:59:54.821" level="INFO">Nokia Edge</msg>
<status status="PASS" starttime="20220201 19:59:54.641" endtime="20220201 19:59:54.821"/>
</kw>
<kw name="Append To List" library="Collections">
<arg>${actuallist}</arg>
<arg>${element.text}</arg>
<doc>Adds ``values`` to the end of ``list``.</doc>
<status status="PASS" starttime="20220201 19:59:54.822" endtime="20220201 19:59:54.940"/>
</kw>
<status status="PASS" starttime="20220201 19:59:54.640" endtime="20220201 19:59:54.940"/>
</iter>
<iter>
<var name="${element}">&lt;selenium.webdriver.remote.webelement.WebElement (session="6645471939a9907a18dff82a12587f8c", element="297a6b23-3961-46c8-bbae-27c4d8e857d8")&gt;</var>
<kw name="Log" library="BuiltIn">
<arg>${element.text}</arg>
<doc>Logs the given message with the given level.</doc>
<msg timestamp="20220201 19:59:55.047" level="INFO">Blackberry</msg>
<status status="PASS" starttime="20220201 19:59:54.942" endtime="20220201 19:59:55.047"/>
</kw>
<kw name="Append To List" library="Collections">
<arg>${actuallist}</arg>
<arg>${element.text}</arg>
<doc>Adds ``values`` to the end of ``list``.</doc>
<status status="PASS" starttime="20220201 19:59:55.048" endtime="20220201 19:59:55.092"/>
</kw>
<status status="PASS" starttime="20220201 19:59:54.941" endtime="20220201 19:59:55.092"/>
</iter>
<status status="PASS" starttime="20220201 19:59:53.182" endtime="20220201 19:59:55.092"/>
</for>
<kw name="Lists Should Be Equal" library="Collections">
<arg>${expectedlist}</arg>
<arg>${actuallist}</arg>
<doc>Fails if given lists are unequal.</doc>
<status status="PASS" starttime="20220201 19:59:55.093" endtime="20220201 19:59:55.094"/>
</kw>
<status status="PASS" starttime="20220201 19:59:53.046" endtime="20220201 19:59:55.095"/>
</kw>
<kw name="Select Multiple Desired Cards" library="shop">
<arg>${listofprods} #custom library</arg>
<msg timestamp="20220201 19:59:55.181" level="INFO">Clicking button 'xpath:(//div[@class='card-footer'])[1]/button'.</msg>
<msg timestamp="20220201 19:59:55.678" level="INFO">Clicking button 'xpath:(//div[@class='card-footer'])[2]/button'.</msg>
<msg timestamp="20220201 19:59:57.936" level="INFO">Clicking button 'xpath:(//div[@class='card-footer'])[4]/button'.</msg>
<status status="PASS" starttime="20220201 19:59:55.096" endtime="20220201 19:59:58.667"/>
</kw>
<kw name="Click On Checkout Button" library="shop">
<msg timestamp="20220201 19:59:58.669" level="INFO">Clicking link 'xpath://a[@class='nav-link btn btn-primary']'.</msg>
<status status="PASS" starttime="20220201 19:59:58.668" endtime="20220201 19:59:59.008"/>
</kw>
<kw name="Proceed to checkout page" library="CheckoutPage">
<kw name="Click Element" library="SeleniumLibrary">
<arg>xpath://button[normalize-space()='Checkout']</arg>
<doc>Click the element identified by ``locator``.</doc>
<msg timestamp="20220201 19:59:59.014" level="INFO">Clicking element 'xpath://button[normalize-space()='Checkout']'.</msg>
<status status="PASS" starttime="20220201 19:59:59.011" endtime="20220201 19:59:59.374"/>
</kw>
<status status="PASS" starttime="20220201 19:59:59.008" endtime="20220201 19:59:59.375"/>
</kw>
<kw name="Enter the country and select the terms" library="ConfirmationPage">
<arg>${country_name}</arg>
<kw name="Input Text" library="SeleniumLibrary">
<arg>id:country</arg>
<arg>${countryname}</arg>
<doc>Types the given ``text`` into the text field identified by ``locator``.</doc>
<msg timestamp="20220201 19:59:59.382" level="INFO">Typing text 'India' into text field 'id:country'.</msg>
<status status="PASS" starttime="20220201 19:59:59.378" endtime="20220201 20:00:00.621"/>
</kw>
<kw name="Wait Until Element Is Visible" library="SeleniumLibrary">
<arg>xpath://a[contains(text(),'${countryname}')]</arg>
<arg>10</arg>
<doc>Waits until the element ``locator`` is visible.</doc>
<status status="PASS" starttime="20220201 20:00:00.621" endtime="20220201 20:00:05.632"/>
</kw>
<kw name="Click Element" library="SeleniumLibrary">
<arg>xpath://a[contains(text(),'${countryname}')]</arg>
<doc>Click the element identified by ``locator``.</doc>
<msg timestamp="20220201 20:00:05.636" level="INFO">Clicking element 'xpath://a[contains(text(),'India')]'.</msg>
<status status="PASS" starttime="20220201 20:00:05.634" endtime="20220201 20:00:06.328"/>
</kw>
<kw name="Click Element" library="SeleniumLibrary">
<arg>xpath://label[@for='checkbox2']</arg>
<doc>Click the element identified by ``locator``.</doc>
<msg timestamp="20220201 20:00:06.335" level="INFO">Clicking element 'xpath://label[@for='checkbox2']'.</msg>
<status status="PASS" starttime="20220201 20:00:06.330" endtime="20220201 20:00:07.716"/>
</kw>
<status status="PASS" starttime="20220201 19:59:59.375" endtime="20220201 20:00:07.718"/>
</kw>
<kw name="Purchase the product and confirm" library="ConfirmationPage">
<kw name="Click Button" library="SeleniumLibrary">
<arg>xpath://input[@value='Purchase']</arg>
<doc>Clicks the button identified by ``locator``.</doc>
<msg timestamp="20220201 20:00:07.726" level="INFO">Clicking button 'xpath://input[@value='Purchase']'.</msg>
<status status="PASS" starttime="20220201 20:00:07.725" endtime="20220201 20:00:08.513"/>
</kw>
<kw name="Page Should Contain" library="SeleniumLibrary">
<arg>Success!</arg>
<doc>Verifies that current page contains ``text``.</doc>
<msg timestamp="20220201 20:00:08.760" level="INFO">Current page contains text 'Success!'.</msg>
<status status="PASS" starttime="20220201 20:00:08.515" endtime="20220201 20:00:08.760"/>
</kw>
<status status="PASS" starttime="20220201 20:00:07.723" endtime="20220201 20:00:08.761"/>
</kw>
<kw name="close the existing browser" library="generic" type="TEARDOWN">
<kw name="Close Browser" library="SeleniumLibrary">
<doc>Closes the current browser.</doc>
<status status="PASS" starttime="20220201 20:00:08.764" endtime="20220201 20:00:18.459"/>
</kw>
<status status="PASS" starttime="20220201 20:00:08.762" endtime="20220201 20:00:18.461"/>
</kw>
<status status="PASS" starttime="20220201 19:59:43.820" endtime="20220201 20:00:18.461"/>
</test>
<test id="s1-s1-t3" name="Select the form and navigate to alert popup">
<kw name="open browser with payment url" library="generic" type="SETUP">
<kw name="Create Webdriver" library="SeleniumLibrary">
<arg>Chrome</arg>
<arg>executable_path=C:/Users/VARUN/Desktop/Varun_Personal/Appium_Python_2022 _Material/chromedriver_win32/chromedriver</arg>
<doc>Creates an instance of Selenium WebDriver.</doc>
<msg timestamp="20220201 20:00:18.473" level="INFO">Creating an instance of the Chrome WebDriver.</msg>
<status status="PASS" starttime="20220201 20:00:18.472" endtime="20220201 20:00:21.102"/>
</kw>
<kw name="Go To" library="SeleniumLibrary">
<arg>${url}</arg>
<doc>Navigates the current browser window to the provided ``url``.</doc>
<msg timestamp="20220201 20:00:21.104" level="INFO">Opening url 'https://www.rahulshettyacademy.com/loginpagePractise/'</msg>
<status status="PASS" starttime="20220201 20:00:21.103" endtime="20220201 20:00:22.149"/>
</kw>
<kw name="Maximize Browser Window" library="SeleniumLibrary">
<doc>Maximizes current browser window.</doc>
<status status="PASS" starttime="20220201 20:00:22.151" endtime="20220201 20:00:22.681"/>
</kw>
<status status="PASS" starttime="20220201 20:00:18.466" endtime="20220201 20:00:22.685"/>
</kw>
<kw name="Fill the login details and select the user pop-up" library="LandingPage">
<arg>${user_name}</arg>
<arg>${valid_password}</arg>
<kw name="Input Text" library="SeleniumLibrary">
<arg>xpath://input[@id='username']</arg>
<arg>${username}</arg>
<doc>Types the given ``text`` into the text field identified by ``locator``.</doc>
<msg timestamp="20220201 20:00:22.691" level="INFO">Typing text 'rahulshettyacademy' into text field 'xpath://input[@id='username']'.</msg>
<status status="PASS" starttime="20220201 20:00:22.689" endtime="20220201 20:00:23.023"/>
</kw>
<kw name="Input Password" library="SeleniumLibrary">
<arg>CSS:#password</arg>
<arg>${password}</arg>
<doc>Types the given password into the text field identified by ``locator``.</doc>
<msg timestamp="20220201 20:00:23.026" level="INFO">Typing password into text field 'CSS:#password'.</msg>
<msg timestamp="20220201 20:00:23.141" level="INFO">Temporally setting log level to: NONE</msg>
<msg timestamp="20220201 20:00:23.260" level="INFO">Log level changed from NONE to INFO.</msg>
<status status="PASS" starttime="20220201 20:00:23.024" endtime="20220201 20:00:23.260"/>
</kw>
<kw name="Click Element" library="SeleniumLibrary">
<arg>xpath://input[@value='user']</arg>
<doc>Click the element identified by ``locator``.</doc>
<msg timestamp="20220201 20:00:23.262" level="INFO">Clicking element 'xpath://input[@value='user']'.</msg>
<status status="PASS" starttime="20220201 20:00:23.261" endtime="20220201 20:00:23.672"/>
</kw>
<kw name="Wait Until Element Is Visible" library="SeleniumLibrary">
<arg>xpath://div[@class='modal-body']</arg>
<doc>Waits until the element ``locator`` is visible.</doc>
<status status="PASS" starttime="20220201 20:00:23.673" endtime="20220201 20:00:24.147"/>
</kw>
<kw name="Click Element" library="SeleniumLibrary">
<arg>id:okayBtn</arg>
<doc>Click the element identified by ``locator``.</doc>
<msg timestamp="20220201 20:00:24.149" level="INFO">Clicking element 'id:okayBtn'.</msg>
<status status="PASS" starttime="20220201 20:00:24.148" endtime="20220201 20:00:24.310"/>
</kw>
<kw name="Wait Until Element Is Not Visible" library="SeleniumLibrary">
<arg>xpath://div[@class='modal-body']</arg>
<doc>Waits until the element ``locator`` is not visible.</doc>
<status status="PASS" starttime="20220201 20:00:24.311" endtime="20220201 20:00:24.617"/>
</kw>
<kw name="Select From List By Label" library="SeleniumLibrary">
<arg>xpath://select[@class='form-control']</arg>
<arg>Teacher</arg>
<doc>Selects options from selection list ``locator`` by ``labels``.</doc>
<msg timestamp="20220201 20:00:24.620" level="INFO">Selecting options from selection list 'xpath://select[@class='form-control']' by label Teacher.</msg>
<status status="PASS" starttime="20220201 20:00:24.619" endtime="20220201 20:00:24.829"/>
</kw>
<kw name="Select Checkbox" library="SeleniumLibrary">
<arg>xpath://input[@id='terms']</arg>
<doc>Selects the checkbox identified by ``locator``.</doc>
<msg timestamp="20220201 20:00:24.831" level="INFO">Selecting checkbox 'xpath://input[@id='terms']'.</msg>
<status status="PASS" starttime="20220201 20:00:24.830" endtime="20220201 20:00:25.178"/>
</kw>
<kw name="Checkbox Should Be Selected" library="SeleniumLibrary">
<arg>xpath://input[@id='terms']</arg>
<doc>Verifies checkbox ``locator`` is selected/checked.</doc>
<msg timestamp="20220201 20:00:25.181" level="INFO">Verifying checkbox 'xpath://input[@id='terms']' is selected.</msg>
<status status="PASS" starttime="20220201 20:00:25.180" endtime="20220201 20:00:25.332"/>
</kw>
<status status="PASS" starttime="20220201 20:00:22.687" endtime="20220201 20:00:25.333"/>
</kw>
<kw name="close the existing browser" library="generic" type="TEARDOWN">
<kw name="Close Browser" library="SeleniumLibrary">
<doc>Closes the current browser.</doc>
<status status="PASS" starttime="20220201 20:00:25.342" endtime="20220201 20:00:28.313"/>
</kw>
<status status="PASS" starttime="20220201 20:00:25.335" endtime="20220201 20:00:28.318"/>
</kw>
<status status="PASS" starttime="20220201 20:00:18.463" endtime="20220201 20:00:28.319"/>
</test>
<doc>To Validate the login form
and check if shop page is loaded and drive data from Resource.</doc>
<status status="PASS" starttime="20220201 19:59:30.686" endtime="20220201 20:00:28.322"/>
</suite>
<status status="PASS" starttime="20220201 19:59:30.589" endtime="20220201 20:00:28.338"/>
</suite>
<statistics>
<total>
<stat pass="3" fail="0" skip="0">All Tests</stat>
</total>
<tag>
</tag>
<suite>
<stat pass="3" fail="0" skip="0" id="s1" name="Tests">Tests</stat>
<stat pass="3" fail="0" skip="0" id="s1-s1" name="testDemo6">Tests.testDemo6</stat>
</suite>
</statistics>
<errors>
</errors>
</robot>
