<?xml version="1.0" encoding="UTF-8"?>
<robot generator="Robot 4.1.3 (Python 3.7.4 on win32)" generated="20220201 19:59:30.568" rpa="false" schemaversion="2">
<suite id="s1" name="Tests" source="C:\Users\VARUN\Desktop\Varun_Personal\RobotFramework_2022\Tests">
<suite id="s1-s1" name="testDemo4" source="C:\Users\VARUN\Desktop\Varun_Personal\RobotFramework_2022\Tests\testDemo4.robot">
<test id="s1-s1-t1" name="Invalid username">
<kw name="Validate Unsuccessful login">
<arg>varun</arg>
<arg>varun@123</arg>
<kw name="open browser with payment url">
<kw name="Create Webdriver" library="SeleniumLibrary">
<arg>Chrome</arg>
<arg>executable_path=C:/Users/VARUN/Desktop/Varun_Personal/Appium_Python_2022 _Material/chromedriver_win32/chromedriver</arg>
<doc>Creates an instance of Selenium WebDriver.</doc>
<msg timestamp="20220201 19:59:31.751" level="INFO">Creating an instance of the Chrome WebDriver.</msg>
<status status="PASS" starttime="20220201 19:59:31.750" endtime="20220201 19:59:35.698"/>
</kw>
<kw name="Go To" library="SeleniumLibrary">
<arg>https://www.rahulshettyacademy.com/loginpagePractise/</arg>
<doc>Navigates the current browser window to the provided ``url``.</doc>
<msg timestamp="20220201 19:59:35.700" level="INFO">Opening url 'https://www.rahulshettyacademy.com/loginpagePractise/'</msg>
<status status="PASS" starttime="20220201 19:59:35.699" endtime="20220201 19:59:36.860"/>
</kw>
<kw name="Maximize Browser Window" library="SeleniumLibrary">
<doc>Maximizes current browser window.</doc>
<status status="PASS" starttime="20220201 19:59:36.861" endtime="20220201 19:59:37.524"/>
</kw>
<status status="PASS" starttime="20220201 19:59:31.749" endtime="20220201 19:59:37.526"/>
</kw>
<kw name="Fill the login form">
<arg>${username}</arg>
<arg>${password}</arg>
<kw name="Input Text" library="SeleniumLibrary">
<arg>xpath://input[@id='username']</arg>
<arg>${username}</arg>
<doc>Types the given ``text`` into the text field identified by ``locator``.</doc>
<msg timestamp="20220201 19:59:37.532" level="INFO">Typing text 'varun' into text field 'xpath://input[@id='username']'.</msg>
<status status="PASS" starttime="20220201 19:59:37.529" endtime="20220201 19:59:37.992"/>
</kw>
<kw name="Input Password" library="SeleniumLibrary">
<arg>CSS:#password</arg>
<arg>${password}</arg>
<doc>Types the given password into the text field identified by ``locator``.</doc>
<msg timestamp="20220201 19:59:37.994" level="INFO">Typing password into text field 'CSS:#password'.</msg>
<msg timestamp="20220201 19:59:38.162" level="INFO">Temporally setting log level to: NONE</msg>
<msg timestamp="20220201 19:59:38.312" level="INFO">Log level changed from NONE to INFO.</msg>
<status status="PASS" starttime="20220201 19:59:37.992" endtime="20220201 19:59:38.312"/>
</kw>
<kw name="Click Button" library="SeleniumLibrary">
<arg>id:signInBtn</arg>
<doc>Clicks the button identified by ``locator``.</doc>
<msg timestamp="20220201 19:59:38.315" level="INFO">Clicking button 'id:signInBtn'.</msg>
<status status="PASS" starttime="20220201 19:59:38.313" endtime="20220201 19:59:38.533"/>
</kw>
<status status="PASS" starttime="20220201 19:59:37.527" endtime="20220201 19:59:38.534"/>
</kw>
<kw name="wait until it checks and displays error message">
<kw name="Wait Until Element Is Visible" library="SeleniumLibrary">
<arg>${error_message_login}</arg>
<arg>5</arg>
<doc>Waits until the element ``locator`` is visible.</doc>
<status status="PASS" starttime="20220201 19:59:38.539" endtime="20220201 19:59:40.784"/>
</kw>
<status status="PASS" starttime="20220201 19:59:38.537" endtime="20220201 19:59:40.785"/>
</kw>
<kw name="VERIFY if error message is correct">
<kw name="Get Text" library="SeleniumLibrary">
<var>${result}</var>
<arg>${error_message_login}</arg>
<doc>Returns the text value of the element identified by ``locator``.</doc>
<msg timestamp="20220201 19:59:40.837" level="INFO">${result} = Incorrect username/password.</msg>
<status status="PASS" starttime="20220201 19:59:40.787" endtime="20220201 19:59:40.837"/>
</kw>
<kw name="Should Be Equal As Strings" library="BuiltIn">
<arg>${result}</arg>
<arg>Incorrect username/password.</arg>
<doc>Fails if objects are unequal after converting them to strings.</doc>
<status status="PASS" starttime="20220201 19:59:40.837" endtime="20220201 19:59:40.839"/>
</kw>
<kw name="Element Text Should Be" library="SeleniumLibrary">
<arg>${error_message_login}</arg>
<arg>Incorrect username/password.</arg>
<doc>Verifies that element ``locator`` contains exact the text ``expected``.</doc>
<msg timestamp="20220201 19:59:40.844" level="INFO">Verifying element 'css:.alert.alert-danger.col-md-12' contains exact text 'Incorrect username/password.'.</msg>
<status status="PASS" starttime="20220201 19:59:40.840" endtime="20220201 19:59:40.882"/>
</kw>
<status status="PASS" starttime="20220201 19:59:40.786" endtime="20220201 19:59:40.883"/>
</kw>
<status status="PASS" starttime="20220201 19:59:31.747" endtime="20220201 19:59:40.883"/>
</kw>
<status status="PASS" starttime="20220201 19:59:31.745" endtime="20220201 19:59:40.884"/>
</test>
<test id="s1-s1-t2" name="Invalid password">
<kw name="Validate Unsuccessful login">
<arg>rahulshetty</arg>
<arg>pcloudfg</arg>
<kw name="open browser with payment url">
<kw name="Create Webdriver" library="SeleniumLibrary">
<arg>Chrome</arg>
<arg>executable_path=C:/Users/VARUN/Desktop/Varun_Personal/Appium_Python_2022 _Material/chromedriver_win32/chromedriver</arg>
<doc>Creates an instance of Selenium WebDriver.</doc>
<msg timestamp="20220201 19:59:40.905" level="INFO">Creating an instance of the Chrome WebDriver.</msg>
<status status="PASS" starttime="20220201 19:59:40.905" endtime="20220201 19:59:43.227"/>
</kw>
<kw name="Go To" library="SeleniumLibrary">
<arg>https://www.rahulshettyacademy.com/loginpagePractise/</arg>
<doc>Navigates the current browser window to the provided ``url``.</doc>
<msg timestamp="20220201 19:59:43.229" level="INFO">Opening url 'https://www.rahulshettyacademy.com/loginpagePractise/'</msg>
<status status="PASS" starttime="20220201 19:59:43.227" endtime="20220201 19:59:45.243"/>
</kw>
<kw name="Maximize Browser Window" library="SeleniumLibrary">
<doc>Maximizes current browser window.</doc>
<status status="PASS" starttime="20220201 19:59:45.244" endtime="20220201 19:59:45.773"/>
</kw>
<status status="PASS" starttime="20220201 19:59:40.904" endtime="20220201 19:59:45.778"/>
</kw>
<kw name="Fill the login form">
<arg>${username}</arg>
<arg>${password}</arg>
<kw name="Input Text" library="SeleniumLibrary">
<arg>xpath://input[@id='username']</arg>
<arg>${username}</arg>
<doc>Types the given ``text`` into the text field identified by ``locator``.</doc>
<msg timestamp="20220201 19:59:45.785" level="INFO">Typing text 'rahulshetty' into text field 'xpath://input[@id='username']'.</msg>
<status status="PASS" starttime="20220201 19:59:45.783" endtime="20220201 19:59:46.555"/>
</kw>
<kw name="Input Password" library="SeleniumLibrary">
<arg>CSS:#password</arg>
<arg>${password}</arg>
<doc>Types the given password into the text field identified by ``locator``.</doc>
<msg timestamp="20220201 19:59:46.558" level="INFO">Typing password into text field 'CSS:#password'.</msg>
<msg timestamp="20220201 19:59:46.990" level="INFO">Temporally setting log level to: NONE</msg>
<msg timestamp="20220201 19:59:47.138" level="INFO">Log level changed from NONE to INFO.</msg>
<status status="PASS" starttime="20220201 19:59:46.555" endtime="20220201 19:59:47.139"/>
</kw>
<kw name="Click Button" library="SeleniumLibrary">
<arg>id:signInBtn</arg>
<doc>Clicks the button identified by ``locator``.</doc>
<msg timestamp="20220201 19:59:47.140" level="INFO">Clicking button 'id:signInBtn'.</msg>
<status status="PASS" starttime="20220201 19:59:47.139" endtime="20220201 19:59:47.555"/>
</kw>
<status status="PASS" starttime="20220201 19:59:45.780" endtime="20220201 19:59:47.555"/>
</kw>
<kw name="wait until it checks and displays error message">
<kw name="Wait Until Element Is Visible" library="SeleniumLibrary">
<arg>${error_message_login}</arg>
<arg>5</arg>
<doc>Waits until the element ``locator`` is visible.</doc>
<status status="PASS" starttime="20220201 19:59:47.557" endtime="20220201 19:59:49.499"/>
</kw>
<status status="PASS" starttime="20220201 19:59:47.556" endtime="20220201 19:59:49.500"/>
</kw>
<kw name="VERIFY if error message is correct">
<kw name="Get Text" library="SeleniumLibrary">
<var>${result}</var>
<arg>${error_message_login}</arg>
<doc>Returns the text value of the element identified by ``locator``.</doc>
<msg timestamp="20220201 19:59:49.565" level="INFO">${result} = Incorrect username/password.</msg>
<status status="PASS" starttime="20220201 19:59:49.503" endtime="20220201 19:59:49.565"/>
</kw>
<kw name="Should Be Equal As Strings" library="BuiltIn">
<arg>${result}</arg>
<arg>Incorrect username/password.</arg>
<doc>Fails if objects are unequal after converting them to strings.</doc>
<status status="PASS" starttime="20220201 19:59:49.567" endtime="20220201 19:59:49.569"/>
</kw>
<kw name="Element Text Should Be" library="SeleniumLibrary">
<arg>${error_message_login}</arg>
<arg>Incorrect username/password.</arg>
<doc>Verifies that element ``locator`` contains exact the text ``expected``.</doc>
<msg timestamp="20220201 19:59:49.571" level="INFO">Verifying element 'css:.alert.alert-danger.col-md-12' contains exact text 'Incorrect username/password.'.</msg>
<status status="PASS" starttime="20220201 19:59:49.569" endtime="20220201 19:59:49.607"/>
</kw>
<status status="PASS" starttime="20220201 19:59:49.501" endtime="20220201 19:59:49.608"/>
</kw>
<status status="PASS" starttime="20220201 19:59:40.902" endtime="20220201 19:59:49.608"/>
</kw>
<status status="PASS" starttime="20220201 19:59:40.893" endtime="20220201 19:59:49.609"/>
</test>
<test id="s1-s1-t3" name="special characters">
<kw name="Validate Unsuccessful login">
<arg>%$Q#^</arg>
<arg>learning</arg>
<kw name="open browser with payment url">
<kw name="Create Webdriver" library="SeleniumLibrary">
<arg>Chrome</arg>
<arg>executable_path=C:/Users/VARUN/Desktop/Varun_Personal/Appium_Python_2022 _Material/chromedriver_win32/chromedriver</arg>
<doc>Creates an instance of Selenium WebDriver.</doc>
<msg timestamp="20220201 19:59:49.613" level="INFO">Creating an instance of the Chrome WebDriver.</msg>
<status status="PASS" starttime="20220201 19:59:49.612" endtime="20220201 19:59:52.424"/>
</kw>
<kw name="Go To" library="SeleniumLibrary">
<arg>https://www.rahulshettyacademy.com/loginpagePractise/</arg>
<doc>Navigates the current browser window to the provided ``url``.</doc>
<msg timestamp="20220201 19:59:52.429" level="INFO">Opening url 'https://www.rahulshettyacademy.com/loginpagePractise/'</msg>
<status status="PASS" starttime="20220201 19:59:52.424" endtime="20220201 19:59:53.709"/>
</kw>
<kw name="Maximize Browser Window" library="SeleniumLibrary">
<doc>Maximizes current browser window.</doc>
<status status="PASS" starttime="20220201 19:59:53.710" endtime="20220201 19:59:54.775"/>
</kw>
<status status="PASS" starttime="20220201 19:59:49.611" endtime="20220201 19:59:54.776"/>
</kw>
<kw name="Fill the login form">
<arg>${username}</arg>
<arg>${password}</arg>
<kw name="Input Text" library="SeleniumLibrary">
<arg>xpath://input[@id='username']</arg>
<arg>${username}</arg>
<doc>Types the given ``text`` into the text field identified by ``locator``.</doc>
<msg timestamp="20220201 19:59:54.779" level="INFO">Typing text '%$Q#^' into text field 'xpath://input[@id='username']'.</msg>
<status status="PASS" starttime="20220201 19:59:54.778" endtime="20220201 19:59:55.503"/>
</kw>
<kw name="Input Password" library="SeleniumLibrary">
<arg>CSS:#password</arg>
<arg>${password}</arg>
<doc>Types the given password into the text field identified by ``locator``.</doc>
<msg timestamp="20220201 19:59:55.506" level="INFO">Typing password into text field 'CSS:#password'.</msg>
<msg timestamp="20220201 19:59:55.907" level="INFO">Temporally setting log level to: NONE</msg>
<msg timestamp="20220201 19:59:56.700" level="INFO">Log level changed from NONE to INFO.</msg>
<status status="PASS" starttime="20220201 19:59:55.504" endtime="20220201 19:59:56.701"/>
</kw>
<kw name="Click Button" library="SeleniumLibrary">
<arg>id:signInBtn</arg>
<doc>Clicks the button identified by ``locator``.</doc>
<msg timestamp="20220201 19:59:56.703" level="INFO">Clicking button 'id:signInBtn'.</msg>
<status status="PASS" starttime="20220201 19:59:56.702" endtime="20220201 19:59:58.087"/>
</kw>
<status status="PASS" starttime="20220201 19:59:54.777" endtime="20220201 19:59:58.089"/>
</kw>
<kw name="wait until it checks and displays error message">
<kw name="Wait Until Element Is Visible" library="SeleniumLibrary">
<arg>${error_message_login}</arg>
<arg>5</arg>
<doc>Waits until the element ``locator`` is visible.</doc>
<status status="PASS" starttime="20220201 19:59:58.091" endtime="20220201 20:00:00.676"/>
</kw>
<status status="PASS" starttime="20220201 19:59:58.089" endtime="20220201 20:00:00.677"/>
</kw>
<kw name="VERIFY if error message is correct">
<kw name="Get Text" library="SeleniumLibrary">
<var>${result}</var>
<arg>${error_message_login}</arg>
<doc>Returns the text value of the element identified by ``locator``.</doc>
<msg timestamp="20220201 20:00:00.877" level="INFO">${result} = Incorrect username/password.</msg>
<status status="PASS" starttime="20220201 20:00:00.679" endtime="20220201 20:00:00.877"/>
</kw>
<kw name="Should Be Equal As Strings" library="BuiltIn">
<arg>${result}</arg>
<arg>Incorrect username/password.</arg>
<doc>Fails if objects are unequal after converting them to strings.</doc>
<status status="PASS" starttime="20220201 20:00:00.878" endtime="20220201 20:00:00.879"/>
</kw>
<kw name="Element Text Should Be" library="SeleniumLibrary">
<arg>${error_message_login}</arg>
<arg>Incorrect username/password.</arg>
<doc>Verifies that element ``locator`` contains exact the text ``expected``.</doc>
<msg timestamp="20220201 20:00:00.881" level="INFO">Verifying element 'css:.alert.alert-danger.col-md-12' contains exact text 'Incorrect username/password.'.</msg>
<status status="PASS" starttime="20220201 20:00:00.880" endtime="20220201 20:00:01.046"/>
</kw>
<status status="PASS" starttime="20220201 20:00:00.678" endtime="20220201 20:00:01.047"/>
</kw>
<status status="PASS" starttime="20220201 19:59:49.610" endtime="20220201 20:00:01.048"/>
</kw>
<status status="PASS" starttime="20220201 19:59:49.610" endtime="20220201 20:00:01.051"/>
</test>
<doc>To Validate the login form</doc>
<status status="PASS" starttime="20220201 19:59:30.707" endtime="20220201 20:00:01.059"/>
</suite>
<status status="PASS" starttime="20220201 19:59:30.616" endtime="20220201 20:00:01.073"/>
</suite>
<statistics>
<total>
<stat pass="3" fail="0" skip="0">All Tests</stat>
</total>
<tag>
</tag>
<suite>
<stat pass="3" fail="0" skip="0" id="s1" name="Tests">Tests</stat>
<stat pass="3" fail="0" skip="0" id="s1-s1" name="testDemo4">Tests.testDemo4</stat>
</suite>
</statistics>
<errors>
</errors>
</robot>
